2025-02-20 20:13:55,017 [Worker-3: Loading available Gradle versions] INFO  o.e.b.c.i.u.g.PublishedGradleVersions - Gradle version information cache is up-to-date. Trying to read.
2025-02-20 20:16:22,134 [Worker-18: reload maven project] ERROR o.e.m.c.i.p.r.ProjectRegistryManager - Failed to read Maven project: Some problems were encountered while processing the POMs:
[FATAL] 'parent.artifactId' must be changed, the parent element cannot have the same groupId:artifactId as the project. @ line 5, column 17

org.apache.maven.project.ProjectBuildingException: Some problems were encountered while processing the POMs:
[FATAL] 'parent.artifactId' must be changed, the parent element cannot have the same groupId:artifactId as the project. @ line 5, column 17

	at org.eclipse.m2e.core.internal.IMavenToolbox.readMavenProjects(IMavenToolbox.java:140)
	at org.eclipse.m2e.core.internal.project.registry.ProjectRegistryManager.lambda$22(ProjectRegistryManager.java:943)
	at org.eclipse.m2e.core.internal.embedder.MavenExecutionContext.executeBare(MavenExecutionContext.java:458)
	at org.eclipse.m2e.core.internal.embedder.MavenExecutionContext.execute(MavenExecutionContext.java:339)
	at org.eclipse.m2e.core.internal.embedder.MavenExecutionContext.execute(MavenExecutionContext.java:278)
	at org.eclipse.m2e.core.internal.project.registry.ProjectRegistryManager.readProjectsWithDependencies(ProjectRegistryManager.java:939)
	at org.eclipse.m2e.core.internal.project.registry.ProjectRegistryManager.create(ProjectRegistryManager.java:219)
	at org.eclipse.m2e.core.internal.project.registry.MavenProjectManager.create(MavenProjectManager.java:105)
	at org.eclipse.m2e.core.ui.internal.actions.SelectionUtil.getMavenProject(SelectionUtil.java:239)
	at org.eclipse.m2e.editor.pom.MavenPomEditor.readMavenProject(MavenPomEditor.java:709)
	at org.eclipse.m2e.editor.pom.MavenPomEditor$4.run(MavenPomEditor.java:1029)
	at org.eclipse.core.internal.jobs.Worker.run(Worker.java:63)
2025-02-20 20:16:30,528 [Worker-25: reload maven project] ERROR o.e.m.c.i.p.r.ProjectRegistryManager - Failed to read Maven project: Some problems were encountered while processing the POMs:
[FATAL] Non-parseable POM D:\ProjectLapTrinhDiDong\quanlycongviec\pom.xml: start tag not allowed in epilog but got b (position: END_TAG seen ...</dependencies>\r\n\r\n<b... @36:3)  @ line 36, column 3

org.apache.maven.project.ProjectBuildingException: Some problems were encountered while processing the POMs:
[FATAL] Non-parseable POM D:\ProjectLapTrinhDiDong\quanlycongviec\pom.xml: start tag not allowed in epilog but got b (position: END_TAG seen ...</dependencies>\r\n\r\n<b... @36:3)  @ line 36, column 3

	at org.eclipse.m2e.core.internal.IMavenToolbox.readMavenProjects(IMavenToolbox.java:140)
	at org.eclipse.m2e.core.internal.project.registry.ProjectRegistryManager.lambda$22(ProjectRegistryManager.java:943)
	at org.eclipse.m2e.core.internal.embedder.MavenExecutionContext.executeBare(MavenExecutionContext.java:458)
	at org.eclipse.m2e.core.internal.embedder.MavenExecutionContext.execute(MavenExecutionContext.java:339)
	at org.eclipse.m2e.core.internal.embedder.MavenExecutionContext.execute(MavenExecutionContext.java:278)
	at org.eclipse.m2e.core.internal.project.registry.ProjectRegistryManager.readProjectsWithDependencies(ProjectRegistryManager.java:939)
	at org.eclipse.m2e.core.internal.project.registry.ProjectRegistryManager.create(ProjectRegistryManager.java:219)
	at org.eclipse.m2e.core.internal.project.registry.MavenProjectManager.create(MavenProjectManager.java:105)
	at org.eclipse.m2e.core.ui.internal.actions.SelectionUtil.getMavenProject(SelectionUtil.java:239)
	at org.eclipse.m2e.editor.pom.MavenPomEditor.readMavenProject(MavenPomEditor.java:709)
	at org.eclipse.m2e.editor.pom.MavenPomEditor$4.run(MavenPomEditor.java:1029)
	at org.eclipse.core.internal.jobs.Worker.run(Worker.java:63)
2025-02-20 20:16:30,823 [Worker-23: Building] ERROR o.e.m.c.i.p.r.ProjectRegistryManager - Could not read pom.xml
org.eclipse.core.runtime.CoreException: Could not read pom.xml
	at org.eclipse.m2e.core.internal.IMavenToolbox.readModel(IMavenToolbox.java:245)
	at org.eclipse.m2e.core.internal.project.registry.ProjectRegistryManager.refreshPhase2(ProjectRegistryManager.java:591)
	at org.eclipse.m2e.core.internal.project.registry.ProjectRegistryManager.refresh(ProjectRegistryManager.java:491)
	at org.eclipse.m2e.core.internal.project.registry.ProjectRegistryManager.refresh(ProjectRegistryManager.java:370)
	at org.eclipse.m2e.core.internal.project.registry.ProjectRegistryManager.refresh(ProjectRegistryManager.java:322)
	at org.eclipse.m2e.core.internal.builder.MavenBuilder$BuildMethod.getProjectFacade(MavenBuilder.java:146)
	at org.eclipse.m2e.core.internal.builder.MavenBuilder$BuildMethod.lambda$0(MavenBuilder.java:84)
	at org.eclipse.m2e.core.internal.embedder.MavenExecutionContext.executeBare(MavenExecutionContext.java:458)
	at org.eclipse.m2e.core.internal.embedder.MavenExecutionContext.execute(MavenExecutionContext.java:339)
	at org.eclipse.m2e.core.internal.embedder.MavenExecutionContext.execute(MavenExecutionContext.java:278)
	at org.eclipse.m2e.core.internal.builder.MavenBuilder$BuildMethod.execute(MavenBuilder.java:83)
	at org.eclipse.m2e.core.internal.builder.MavenBuilder.build(MavenBuilder.java:192)
	at org.eclipse.core.internal.events.BuildManager$2.run(BuildManager.java:1077)
	at org.eclipse.core.runtime.SafeRunner.run(SafeRunner.java:47)
	at org.eclipse.core.internal.events.BuildManager.basicBuild(BuildManager.java:296)
	at org.eclipse.core.internal.events.BuildManager.basicBuild(BuildManager.java:352)
	at org.eclipse.core.internal.events.BuildManager$1.run(BuildManager.java:441)
	at org.eclipse.core.runtime.SafeRunner.run(SafeRunner.java:47)
	at org.eclipse.core.internal.events.BuildManager.basicBuild(BuildManager.java:444)
	at org.eclipse.core.internal.events.BuildManager.basicBuildLoop(BuildManager.java:555)
	at org.eclipse.core.internal.events.BuildManager.basicBuildLoop(BuildManager.java:503)
	at org.eclipse.core.internal.events.BuildManager.build(BuildManager.java:585)
	at org.eclipse.core.internal.events.AutoBuildJob.doBuild(AutoBuildJob.java:207)
	at org.eclipse.core.internal.events.AutoBuildJob.run(AutoBuildJob.java:300)
	at org.eclipse.core.internal.jobs.Worker.run(Worker.java:63)
Caused by: org.apache.maven.model.io.ModelParseException: Expected root element 'project' but found 'dependencies' (position: START_TAG seen <dependencies>... @1:15) 
	at org.apache.maven.model.io.DefaultModelReader.read(DefaultModelReader.java:96)
	at org.apache.maven.model.io.DefaultModelReader.read(DefaultModelReader.java:74)
	at org.eclipse.m2e.core.internal.IMavenToolbox.readModel(IMavenToolbox.java:243)
	... 24 common frames omitted
Caused by: org.codehaus.plexus.util.xml.pull.XmlPullParserException: Expected root element 'project' but found 'dependencies' (position: START_TAG seen <dependencies>... @1:15) 
	at org.apache.maven.model.io.xpp3.MavenXpp3Reader.read(MavenXpp3Reader.java:616)
	at org.apache.maven.model.io.xpp3.MavenXpp3Reader.read(MavenXpp3Reader.java:654)
	at org.apache.maven.model.io.DefaultModelReader.read(DefaultModelReader.java:93)
	... 26 common frames omitted
2025-02-20 20:16:43,631 [Worker-18: reload maven project] ERROR o.e.m.c.i.p.r.ProjectRegistryManager - Failed to read Maven project: Some problems were encountered while processing the POMs:
[FATAL] Non-parseable POM D:\ProjectLapTrinhDiDong\quanlycongviec\pom.xml: start tag not allowed in epilog but got d (position: END_TAG seen ...</name>\r\n</project>\r\n<d... @13:3)  @ line 13, column 3

org.apache.maven.project.ProjectBuildingException: Some problems were encountered while processing the POMs:
[FATAL] Non-parseable POM D:\ProjectLapTrinhDiDong\quanlycongviec\pom.xml: start tag not allowed in epilog but got d (position: END_TAG seen ...</name>\r\n</project>\r\n<d... @13:3)  @ line 13, column 3

	at org.eclipse.m2e.core.internal.IMavenToolbox.readMavenProjects(IMavenToolbox.java:140)
	at org.eclipse.m2e.core.internal.project.registry.ProjectRegistryManager.lambda$22(ProjectRegistryManager.java:943)
	at org.eclipse.m2e.core.internal.embedder.MavenExecutionContext.executeBare(MavenExecutionContext.java:458)
	at org.eclipse.m2e.core.internal.embedder.MavenExecutionContext.execute(MavenExecutionContext.java:339)
	at org.eclipse.m2e.core.internal.embedder.MavenExecutionContext.execute(MavenExecutionContext.java:278)
	at org.eclipse.m2e.core.internal.project.registry.ProjectRegistryManager.readProjectsWithDependencies(ProjectRegistryManager.java:939)
	at org.eclipse.m2e.core.internal.project.registry.ProjectRegistryManager.create(ProjectRegistryManager.java:219)
	at org.eclipse.m2e.core.internal.project.registry.MavenProjectManager.create(MavenProjectManager.java:105)
	at org.eclipse.m2e.core.ui.internal.actions.SelectionUtil.getMavenProject(SelectionUtil.java:239)
	at org.eclipse.m2e.editor.pom.MavenPomEditor.readMavenProject(MavenPomEditor.java:709)
	at org.eclipse.m2e.editor.pom.MavenPomEditor$4.run(MavenPomEditor.java:1029)
	at org.eclipse.core.internal.jobs.Worker.run(Worker.java:63)
2025-02-20 20:16:43,737 [Worker-25: Building] ERROR o.e.m.c.i.p.r.ProjectRegistryManager - Could not read pom.xml
org.eclipse.core.runtime.CoreException: Could not read pom.xml
	at org.eclipse.m2e.core.internal.IMavenToolbox.readModel(IMavenToolbox.java:245)
	at org.eclipse.m2e.core.internal.project.registry.ProjectRegistryManager.refreshPhase2(ProjectRegistryManager.java:591)
	at org.eclipse.m2e.core.internal.project.registry.ProjectRegistryManager.refresh(ProjectRegistryManager.java:491)
	at org.eclipse.m2e.core.internal.project.registry.ProjectRegistryManager.refresh(ProjectRegistryManager.java:370)
	at org.eclipse.m2e.core.internal.project.registry.ProjectRegistryManager.refresh(ProjectRegistryManager.java:322)
	at org.eclipse.m2e.core.internal.builder.MavenBuilder$BuildMethod.getProjectFacade(MavenBuilder.java:146)
	at org.eclipse.m2e.core.internal.builder.MavenBuilder$BuildMethod.lambda$0(MavenBuilder.java:84)
	at org.eclipse.m2e.core.internal.embedder.MavenExecutionContext.executeBare(MavenExecutionContext.java:458)
	at org.eclipse.m2e.core.internal.embedder.MavenExecutionContext.execute(MavenExecutionContext.java:339)
	at org.eclipse.m2e.core.internal.embedder.MavenExecutionContext.execute(MavenExecutionContext.java:278)
	at org.eclipse.m2e.core.internal.builder.MavenBuilder$BuildMethod.execute(MavenBuilder.java:83)
	at org.eclipse.m2e.core.internal.builder.MavenBuilder.build(MavenBuilder.java:192)
	at org.eclipse.core.internal.events.BuildManager$2.run(BuildManager.java:1077)
	at org.eclipse.core.runtime.SafeRunner.run(SafeRunner.java:47)
	at org.eclipse.core.internal.events.BuildManager.basicBuild(BuildManager.java:296)
	at org.eclipse.core.internal.events.BuildManager.basicBuild(BuildManager.java:352)
	at org.eclipse.core.internal.events.BuildManager$1.run(BuildManager.java:441)
	at org.eclipse.core.runtime.SafeRunner.run(SafeRunner.java:47)
	at org.eclipse.core.internal.events.BuildManager.basicBuild(BuildManager.java:444)
	at org.eclipse.core.internal.events.BuildManager.basicBuildLoop(BuildManager.java:555)
	at org.eclipse.core.internal.events.BuildManager.basicBuildLoop(BuildManager.java:503)
	at org.eclipse.core.internal.events.BuildManager.build(BuildManager.java:585)
	at org.eclipse.core.internal.events.AutoBuildJob.doBuild(AutoBuildJob.java:207)
	at org.eclipse.core.internal.events.AutoBuildJob.run(AutoBuildJob.java:300)
	at org.eclipse.core.internal.jobs.Worker.run(Worker.java:63)
Caused by: org.apache.maven.model.io.ModelParseException: start tag not allowed in epilog but got d (position: END_TAG seen ...</name>\r\n</project>\r\n<d... @13:3) 
	at org.apache.maven.model.io.DefaultModelReader.read(DefaultModelReader.java:96)
	at org.apache.maven.model.io.DefaultModelReader.read(DefaultModelReader.java:74)
	at org.eclipse.m2e.core.internal.IMavenToolbox.readModel(IMavenToolbox.java:243)
	... 24 common frames omitted
Caused by: org.codehaus.plexus.util.xml.pull.XmlPullParserException: start tag not allowed in epilog but got d (position: END_TAG seen ...</name>\r\n</project>\r\n<d... @13:3) 
	at org.codehaus.plexus.util.xml.pull.MXParser.parseEpilog(MXParser.java:2028)
	at org.codehaus.plexus.util.xml.pull.MXParser.nextImpl(MXParser.java:1753)
	at org.codehaus.plexus.util.xml.pull.MXParser.next(MXParser.java:1375)
	at org.apache.maven.model.io.xpp3.MavenXpp3Reader.read(MavenXpp3Reader.java:627)
	at org.apache.maven.model.io.xpp3.MavenXpp3Reader.read(MavenXpp3Reader.java:654)
	at org.apache.maven.model.io.DefaultModelReader.read(DefaultModelReader.java:93)
	... 26 common frames omitted
2025-02-20 20:17:08,941 [Worker-12: reload maven project] ERROR o.e.m.c.i.p.r.ProjectRegistryManager - Failed to read Maven project: Some problems were encountered while processing the POMs:
[FATAL] 'parent.artifactId' must be changed, the parent element cannot have the same groupId:artifactId as the project. @ line 5, column 17

org.apache.maven.project.ProjectBuildingException: Some problems were encountered while processing the POMs:
[FATAL] 'parent.artifactId' must be changed, the parent element cannot have the same groupId:artifactId as the project. @ line 5, column 17

	at org.eclipse.m2e.core.internal.IMavenToolbox.readMavenProjects(IMavenToolbox.java:140)
	at org.eclipse.m2e.core.internal.project.registry.ProjectRegistryManager.lambda$22(ProjectRegistryManager.java:943)
	at org.eclipse.m2e.core.internal.embedder.MavenExecutionContext.executeBare(MavenExecutionContext.java:458)
	at org.eclipse.m2e.core.internal.embedder.MavenExecutionContext.execute(MavenExecutionContext.java:339)
	at org.eclipse.m2e.core.internal.embedder.MavenExecutionContext.execute(MavenExecutionContext.java:278)
	at org.eclipse.m2e.core.internal.project.registry.ProjectRegistryManager.readProjectsWithDependencies(ProjectRegistryManager.java:939)
	at org.eclipse.m2e.core.internal.project.registry.ProjectRegistryManager.create(ProjectRegistryManager.java:219)
	at org.eclipse.m2e.core.internal.project.registry.MavenProjectManager.create(MavenProjectManager.java:105)
	at org.eclipse.m2e.core.ui.internal.actions.SelectionUtil.getMavenProject(SelectionUtil.java:239)
	at org.eclipse.m2e.editor.pom.MavenPomEditor.readMavenProject(MavenPomEditor.java:709)
	at org.eclipse.m2e.editor.pom.MavenPomEditor$4.run(MavenPomEditor.java:1029)
	at org.eclipse.core.internal.jobs.Worker.run(Worker.java:63)
2025-02-20 20:17:10,610 [Worker-12: reload maven project] ERROR o.e.m.c.i.p.r.ProjectRegistryManager - Failed to read Maven project: Some problems were encountered while processing the POMs:
[FATAL] 'parent.artifactId' must be changed, the parent element cannot have the same groupId:artifactId as the project. @ line 7, column 15

org.apache.maven.project.ProjectBuildingException: Some problems were encountered while processing the POMs:
[FATAL] 'parent.artifactId' must be changed, the parent element cannot have the same groupId:artifactId as the project. @ line 7, column 15

	at org.eclipse.m2e.core.internal.IMavenToolbox.readMavenProjects(IMavenToolbox.java:140)
	at org.eclipse.m2e.core.internal.project.registry.ProjectRegistryManager.lambda$22(ProjectRegistryManager.java:943)
	at org.eclipse.m2e.core.internal.embedder.MavenExecutionContext.executeBare(MavenExecutionContext.java:458)
	at org.eclipse.m2e.core.internal.embedder.MavenExecutionContext.execute(MavenExecutionContext.java:339)
	at org.eclipse.m2e.core.internal.embedder.MavenExecutionContext.execute(MavenExecutionContext.java:278)
	at org.eclipse.m2e.core.internal.project.registry.ProjectRegistryManager.readProjectsWithDependencies(ProjectRegistryManager.java:939)
	at org.eclipse.m2e.core.internal.project.registry.ProjectRegistryManager.create(ProjectRegistryManager.java:219)
	at org.eclipse.m2e.core.internal.project.registry.MavenProjectManager.create(MavenProjectManager.java:105)
	at org.eclipse.m2e.core.ui.internal.actions.SelectionUtil.getMavenProject(SelectionUtil.java:239)
	at org.eclipse.m2e.editor.pom.MavenPomEditor.readMavenProject(MavenPomEditor.java:709)
	at org.eclipse.m2e.editor.pom.MavenPomEditor$4.run(MavenPomEditor.java:1029)
	at org.eclipse.core.internal.jobs.Worker.run(Worker.java:63)
2025-02-20 20:17:18,692 [Worker-23: reload maven project] ERROR o.e.m.c.i.p.r.ProjectRegistryManager - Failed to read Maven project: Some problems were encountered while processing the POMs:
[FATAL] 'parent.artifactId' must be changed, the parent element cannot have the same groupId:artifactId as the project. @ line 5, column 17

org.apache.maven.project.ProjectBuildingException: Some problems were encountered while processing the POMs:
[FATAL] 'parent.artifactId' must be changed, the parent element cannot have the same groupId:artifactId as the project. @ line 5, column 17

	at org.eclipse.m2e.core.internal.IMavenToolbox.readMavenProjects(IMavenToolbox.java:140)
	at org.eclipse.m2e.core.internal.project.registry.ProjectRegistryManager.lambda$22(ProjectRegistryManager.java:943)
	at org.eclipse.m2e.core.internal.embedder.MavenExecutionContext.executeBare(MavenExecutionContext.java:458)
	at org.eclipse.m2e.core.internal.embedder.MavenExecutionContext.execute(MavenExecutionContext.java:339)
	at org.eclipse.m2e.core.internal.embedder.MavenExecutionContext.execute(MavenExecutionContext.java:278)
	at org.eclipse.m2e.core.internal.project.registry.ProjectRegistryManager.readProjectsWithDependencies(ProjectRegistryManager.java:939)
	at org.eclipse.m2e.core.internal.project.registry.ProjectRegistryManager.create(ProjectRegistryManager.java:219)
	at org.eclipse.m2e.core.internal.project.registry.MavenProjectManager.create(MavenProjectManager.java:105)
	at org.eclipse.m2e.core.ui.internal.actions.SelectionUtil.getMavenProject(SelectionUtil.java:239)
	at org.eclipse.m2e.editor.pom.MavenPomEditor.readMavenProject(MavenPomEditor.java:709)
	at org.eclipse.m2e.editor.pom.MavenPomEditor$4.run(MavenPomEditor.java:1029)
	at org.eclipse.core.internal.jobs.Worker.run(Worker.java:63)
2025-02-20 20:17:29,566 [Worker-24: reload maven project] ERROR o.e.m.c.i.p.r.ProjectRegistryManager - Failed to read Maven project: Some problems were encountered while processing the POMs:
[FATAL] 'parent.artifactId' must be changed, the parent element cannot have the same groupId:artifactId as the project. @ line 5, column 17

org.apache.maven.project.ProjectBuildingException: Some problems were encountered while processing the POMs:
[FATAL] 'parent.artifactId' must be changed, the parent element cannot have the same groupId:artifactId as the project. @ line 5, column 17

	at org.eclipse.m2e.core.internal.IMavenToolbox.readMavenProjects(IMavenToolbox.java:140)
	at org.eclipse.m2e.core.internal.project.registry.ProjectRegistryManager.lambda$22(ProjectRegistryManager.java:943)
	at org.eclipse.m2e.core.internal.embedder.MavenExecutionContext.executeBare(MavenExecutionContext.java:458)
	at org.eclipse.m2e.core.internal.embedder.MavenExecutionContext.execute(MavenExecutionContext.java:339)
	at org.eclipse.m2e.core.internal.embedder.MavenExecutionContext.execute(MavenExecutionContext.java:278)
	at org.eclipse.m2e.core.internal.project.registry.ProjectRegistryManager.readProjectsWithDependencies(ProjectRegistryManager.java:939)
	at org.eclipse.m2e.core.internal.project.registry.ProjectRegistryManager.create(ProjectRegistryManager.java:219)
	at org.eclipse.m2e.core.internal.project.registry.MavenProjectManager.create(MavenProjectManager.java:105)
	at org.eclipse.m2e.core.ui.internal.actions.SelectionUtil.getMavenProject(SelectionUtil.java:239)
	at org.eclipse.m2e.editor.pom.MavenPomEditor.readMavenProject(MavenPomEditor.java:709)
	at org.eclipse.m2e.editor.pom.MavenPomEditor$4.run(MavenPomEditor.java:1029)
	at org.eclipse.core.internal.jobs.Worker.run(Worker.java:63)
2025-02-20 20:17:31,376 [Worker-12: reload maven project] ERROR o.e.m.c.i.p.r.ProjectRegistryManager - Failed to read Maven project: Some problems were encountered while processing the POMs:
[FATAL] 'parent.artifactId' must be changed, the parent element cannot have the same groupId:artifactId as the project. @ line 7, column 15

org.apache.maven.project.ProjectBuildingException: Some problems were encountered while processing the POMs:
[FATAL] 'parent.artifactId' must be changed, the parent element cannot have the same groupId:artifactId as the project. @ line 7, column 15

	at org.eclipse.m2e.core.internal.IMavenToolbox.readMavenProjects(IMavenToolbox.java:140)
	at org.eclipse.m2e.core.internal.project.registry.ProjectRegistryManager.lambda$22(ProjectRegistryManager.java:943)
	at org.eclipse.m2e.core.internal.embedder.MavenExecutionContext.executeBare(MavenExecutionContext.java:458)
	at org.eclipse.m2e.core.internal.embedder.MavenExecutionContext.execute(MavenExecutionContext.java:339)
	at org.eclipse.m2e.core.internal.embedder.MavenExecutionContext.execute(MavenExecutionContext.java:278)
	at org.eclipse.m2e.core.internal.project.registry.ProjectRegistryManager.readProjectsWithDependencies(ProjectRegistryManager.java:939)
	at org.eclipse.m2e.core.internal.project.registry.ProjectRegistryManager.create(ProjectRegistryManager.java:219)
	at org.eclipse.m2e.core.internal.project.registry.MavenProjectManager.create(MavenProjectManager.java:105)
	at org.eclipse.m2e.core.ui.internal.actions.SelectionUtil.getMavenProject(SelectionUtil.java:239)
	at org.eclipse.m2e.editor.pom.MavenPomEditor.readMavenProject(MavenPomEditor.java:709)
	at org.eclipse.m2e.editor.pom.MavenPomEditor$4.run(MavenPomEditor.java:1029)
	at org.eclipse.core.internal.jobs.Worker.run(Worker.java:63)
2025-02-20 20:41:13,674 [main] INFO  o.e.m2e.actions.ExecutePomAction - Creating new launch configuration
2025-02-20 20:41:14,155 [main] ERROR o.e.m.c.i.p.r.ProjectRegistryManager - Failed to read Maven project: Some problems were encountered while processing the POMs:
[FATAL] 'parent.artifactId' must be changed, the parent element cannot have the same groupId:artifactId as the project. @ line 7, column 15

org.apache.maven.project.ProjectBuildingException: Some problems were encountered while processing the POMs:
[FATAL] 'parent.artifactId' must be changed, the parent element cannot have the same groupId:artifactId as the project. @ line 7, column 15

	at org.eclipse.m2e.core.internal.IMavenToolbox.readMavenProjects(IMavenToolbox.java:140)
	at org.eclipse.m2e.core.internal.project.registry.ProjectRegistryManager.lambda$22(ProjectRegistryManager.java:943)
	at org.eclipse.m2e.core.internal.embedder.MavenExecutionContext.executeBare(MavenExecutionContext.java:458)
	at org.eclipse.m2e.core.internal.embedder.MavenExecutionContext.execute(MavenExecutionContext.java:339)
	at org.eclipse.m2e.core.internal.embedder.MavenExecutionContext.execute(MavenExecutionContext.java:278)
	at org.eclipse.m2e.core.internal.project.registry.ProjectRegistryManager.readProjectsWithDependencies(ProjectRegistryManager.java:939)
	at org.eclipse.m2e.core.internal.project.registry.ProjectRegistryManager.create(ProjectRegistryManager.java:219)
	at org.eclipse.m2e.core.internal.project.registry.MavenProjectManager.create(MavenProjectManager.java:105)
	at org.eclipse.m2e.internal.launch.MavenLaunchDelegate.readEnforcedJavaVersion(MavenLaunchDelegate.java:251)
	at org.eclipse.m2e.ui.internal.launch.MavenJRETab.getDefaultJREDescriptor(MavenJRETab.java:73)
	at org.eclipse.jdt.debug.ui.launchConfigurations.JavaJRETab.initializeFrom(JavaJRETab.java:197)
	at org.eclipse.m2e.ui.internal.launch.MavenJRETab.initializeFrom(MavenJRETab.java:158)
	at org.eclipse.debug.ui.AbstractLaunchConfigurationTabGroup.initializeFrom(AbstractLaunchConfigurationTabGroup.java:93)
	at org.eclipse.debug.internal.ui.launchConfigurations.LaunchConfigurationTabGroupWrapper.initializeFrom(LaunchConfigurationTabGroupWrapper.java:182)
	at org.eclipse.debug.internal.ui.launchConfigurations.LaunchConfigurationTabGroupViewer.displayInstanceTabs(LaunchConfigurationTabGroupViewer.java:865)
	at org.eclipse.debug.internal.ui.launchConfigurations.LaunchConfigurationTabGroupViewer.lambda$4(LaunchConfigurationTabGroupViewer.java:730)
	at org.eclipse.swt.custom.BusyIndicator.showWhile(BusyIndicator.java:67)
	at org.eclipse.debug.internal.ui.launchConfigurations.LaunchConfigurationTabGroupViewer.inputChanged(LaunchConfigurationTabGroupViewer.java:716)
	at org.eclipse.debug.internal.ui.launchConfigurations.LaunchConfigurationTabGroupViewer.setInput0(LaunchConfigurationTabGroupViewer.java:684)
	at org.eclipse.debug.internal.ui.launchConfigurations.LaunchConfigurationTabGroupViewer.setInput(LaunchConfigurationTabGroupViewer.java:664)
	at org.eclipse.debug.internal.ui.launchConfigurations.LaunchConfigurationPropertiesDialog.initializeContent(LaunchConfigurationPropertiesDialog.java:99)
	at org.eclipse.debug.internal.ui.launchConfigurations.LaunchConfigurationsDialog.createContents(LaunchConfigurationsDialog.java:468)
	at org.eclipse.jface.window.Window.create(Window.java:431)
	at org.eclipse.jface.dialogs.Dialog.create(Dialog.java:1092)
	at org.eclipse.debug.internal.ui.launchConfigurations.LaunchConfigurationsDialog.create(LaunchConfigurationsDialog.java:377)
	at org.eclipse.jface.window.Window.open(Window.java:788)
	at org.eclipse.debug.internal.ui.launchConfigurations.LaunchConfigurationsDialog.open(LaunchConfigurationsDialog.java:1230)
	at org.eclipse.debug.internal.ui.launchConfigurations.LaunchConfigurationPropertiesDialog.open(LaunchConfigurationPropertiesDialog.java:184)
	at org.eclipse.debug.ui.DebugUITools.openLaunchConfigurationDialog(DebugUITools.java:711)
	at org.eclipse.m2e.actions.ExecutePomAction.launch(ExecutePomAction.java:130)
	at org.eclipse.m2e.actions.ExecutePomAction.launch(ExecutePomAction.java:101)
	at org.eclipse.debug.internal.ui.launchConfigurations.LaunchShortcutExtension.launch(LaunchShortcutExtension.java:423)
	at org.eclipse.debug.internal.ui.actions.LaunchShortcutAction.runInternal(LaunchShortcutAction.java:99)
	at org.eclipse.debug.internal.ui.actions.LaunchShortcutAction.runWithEvent(LaunchShortcutAction.java:146)
	at org.eclipse.jface.action.ActionContributionItem.handleWidgetSelection(ActionContributionItem.java:581)
	at org.eclipse.jface.action.ActionContributionItem.lambda$4(ActionContributionItem.java:415)
	at org.eclipse.swt.widgets.EventTable.sendEvent(EventTable.java:91)
	at org.eclipse.swt.widgets.Display.sendEvent(Display.java:4326)
	at org.eclipse.swt.widgets.Widget.sendEvent(Widget.java:1174)
	at org.eclipse.swt.widgets.Widget.sendEvent(Widget.java:1198)
	at org.eclipse.swt.widgets.Widget.sendEvent(Widget.java:1183)
	at org.eclipse.swt.widgets.Widget.notifyListeners(Widget.java:853)
	at org.eclipse.jface.action.ActionContributionItem.lambda$8(ActionContributionItem.java:1206)
	at org.eclipse.swt.widgets.EventTable.sendEvent(EventTable.java:91)
	at org.eclipse.swt.widgets.Display.sendEvent(Display.java:4326)
	at org.eclipse.swt.widgets.Widget.sendEvent(Widget.java:1174)
	at org.eclipse.swt.widgets.Display.runDeferredEvents(Display.java:4124)
	at org.eclipse.swt.widgets.Display.readAndDispatch(Display.java:3712)
	at org.eclipse.jface.window.Window.runEventLoop(Window.java:823)
	at org.eclipse.jface.window.Window.open(Window.java:799)
	at org.eclipse.epp.internal.mpc.ui.commands.AbstractMarketplaceWizardCommand.openWizardDialog(AbstractMarketplaceWizardCommand.java:146)
	at org.eclipse.epp.internal.mpc.ui.commands.AbstractMarketplaceWizardCommand.execute(AbstractMarketplaceWizardCommand.java:73)
	at org.eclipse.ui.internal.handlers.HandlerProxy.execute(HandlerProxy.java:277)
	at org.eclipse.ui.internal.handlers.E4HandlerProxy.execute(E4HandlerProxy.java:98)
	at java.base/jdk.internal.reflect.DirectMethodHandleAccessor.invoke(DirectMethodHandleAccessor.java:103)
	at java.base/java.lang.reflect.Method.invoke(Method.java:580)
	at org.eclipse.e4.core.internal.di.MethodRequestor.execute(MethodRequestor.java:56)
	at org.eclipse.e4.core.internal.di.InjectorImpl.invokeUsingClass(InjectorImpl.java:299)
	at org.eclipse.e4.core.internal.di.InjectorImpl.invoke(InjectorImpl.java:233)
	at org.eclipse.e4.core.contexts.ContextInjectionFactory.invoke(ContextInjectionFactory.java:174)
	at org.eclipse.e4.core.commands.internal.HandlerServiceHandler.execute(HandlerServiceHandler.java:165)
	at org.eclipse.core.commands.Command.executeWithChecks(Command.java:488)
	at org.eclipse.core.commands.ParameterizedCommand.executeWithChecks(ParameterizedCommand.java:485)
	at org.eclipse.e4.core.commands.internal.HandlerServiceImpl.executeHandler(HandlerServiceImpl.java:204)
	at org.eclipse.e4.ui.workbench.renderers.swt.HandledContributionItem.executeItem(HandledContributionItem.java:444)
	at org.eclipse.e4.ui.workbench.renderers.swt.AbstractContributionItem.handleWidgetSelection(AbstractContributionItem.java:442)
	at org.eclipse.e4.ui.workbench.renderers.swt.AbstractContributionItem.lambda$2(AbstractContributionItem.java:464)
	at org.eclipse.swt.widgets.EventTable.sendEvent(EventTable.java:91)
	at org.eclipse.swt.widgets.Display.sendEvent(Display.java:4326)
	at org.eclipse.swt.widgets.Widget.sendEvent(Widget.java:1174)
	at org.eclipse.swt.widgets.Display.runDeferredEvents(Display.java:4124)
	at org.eclipse.swt.widgets.Display.readAndDispatch(Display.java:3712)
	at org.eclipse.e4.ui.internal.workbench.swt.PartRenderingEngine$5.run(PartRenderingEngine.java:1151)
	at org.eclipse.core.databinding.observable.Realm.runWithDefault(Realm.java:339)
	at org.eclipse.e4.ui.internal.workbench.swt.PartRenderingEngine.run(PartRenderingEngine.java:1042)
	at org.eclipse.e4.ui.internal.workbench.E4Workbench.createAndRunUI(E4Workbench.java:153)
	at org.eclipse.ui.internal.Workbench.lambda$3(Workbench.java:639)
	at org.eclipse.core.databinding.observable.Realm.runWithDefault(Realm.java:339)
	at org.eclipse.ui.internal.Workbench.createAndRunWorkbench(Workbench.java:546)
	at org.eclipse.ui.PlatformUI.createAndRunWorkbench(PlatformUI.java:173)
	at org.eclipse.ui.internal.ide.application.IDEApplication.start(IDEApplication.java:152)
	at org.eclipse.equinox.internal.app.EclipseAppHandle.run(EclipseAppHandle.java:208)
	at org.eclipse.core.runtime.internal.adaptor.EclipseAppLauncher.runApplication(EclipseAppLauncher.java:143)
	at org.eclipse.core.runtime.internal.adaptor.EclipseAppLauncher.start(EclipseAppLauncher.java:109)
	at org.eclipse.core.runtime.adaptor.EclipseStarter.run(EclipseStarter.java:439)
	at org.eclipse.core.runtime.adaptor.EclipseStarter.run(EclipseStarter.java:271)
	at java.base/jdk.internal.reflect.DirectMethodHandleAccessor.invoke(DirectMethodHandleAccessor.java:103)
	at java.base/java.lang.reflect.Method.invoke(Method.java:580)
	at org.eclipse.equinox.launcher.Main.invokeFramework(Main.java:668)
	at org.eclipse.equinox.launcher.Main.basicRun(Main.java:605)
	at org.eclipse.equinox.launcher.Main.run(Main.java:1481)
	at org.eclipse.equinox.launcher.Main.main(Main.java:1454)
2025-02-20 20:41:16,934 [Worker-35: Launching quanlycongviec] INFO  o.eclipse.m2e.core.internal.Bundles - getClasspathEntries(Bundle=org.eclipse.m2e.maven.runtime_3.9.900.20240824-1409 [640])
2025-02-20 20:41:16,938 [Worker-35: Launching quanlycongviec] INFO  o.eclipse.m2e.core.internal.Bundles - 	Entry: C:\Users\Haonguyen\.p2\pool\plugins\org.eclipse.m2e.maven.runtime_3.9.900.20240824-1409
2025-02-20 20:41:16,941 [Worker-35: Launching quanlycongviec] INFO  o.eclipse.m2e.core.internal.Bundles - 	Entry: C:\Users\Haonguyen\.p2\pool\plugins\org.eclipse.m2e.maven.runtime_3.9.900.20240824-1409\jars\aopalliance-1.0.jar
2025-02-20 20:41:16,942 [Worker-35: Launching quanlycongviec] INFO  o.eclipse.m2e.core.internal.Bundles - 	Entry: C:\Users\Haonguyen\.p2\pool\plugins\org.eclipse.m2e.maven.runtime_3.9.900.20240824-1409\jars\guice-5.1.0.jar
2025-02-20 20:41:16,943 [Worker-35: Launching quanlycongviec] INFO  o.eclipse.m2e.core.internal.Bundles - 	Entry: C:\Users\Haonguyen\.p2\pool\plugins\org.eclipse.m2e.maven.runtime_3.9.900.20240824-1409\jars\httpclient-4.5.14.jar
2025-02-20 20:41:16,944 [Worker-35: Launching quanlycongviec] INFO  o.eclipse.m2e.core.internal.Bundles - 	Entry: C:\Users\Haonguyen\.p2\pool\plugins\org.eclipse.m2e.maven.runtime_3.9.900.20240824-1409\jars\httpcore-4.4.16.jar
2025-02-20 20:41:16,944 [Worker-35: Launching quanlycongviec] INFO  o.eclipse.m2e.core.internal.Bundles - 	Entry: C:\Users\Haonguyen\.p2\pool\plugins\org.eclipse.m2e.maven.runtime_3.9.900.20240824-1409\jars\jansi-2.4.1.jar
2025-02-20 20:41:16,945 [Worker-35: Launching quanlycongviec] INFO  o.eclipse.m2e.core.internal.Bundles - 	Entry: C:\Users\Haonguyen\.p2\pool\plugins\org.eclipse.m2e.maven.runtime_3.9.900.20240824-1409\jars\jcl-over-slf4j-1.7.36.jar
2025-02-20 20:41:16,945 [Worker-35: Launching quanlycongviec] INFO  o.eclipse.m2e.core.internal.Bundles - 	Entry: C:\Users\Haonguyen\.p2\pool\plugins\org.eclipse.m2e.maven.runtime_3.9.900.20240824-1409\jars\maven-artifact-3.9.9.jar
2025-02-20 20:41:16,945 [Worker-35: Launching quanlycongviec] INFO  o.eclipse.m2e.core.internal.Bundles - 	Entry: C:\Users\Haonguyen\.p2\pool\plugins\org.eclipse.m2e.maven.runtime_3.9.900.20240824-1409\jars\maven-builder-support-3.9.9.jar
2025-02-20 20:41:16,946 [Worker-35: Launching quanlycongviec] INFO  o.eclipse.m2e.core.internal.Bundles - 	Entry: C:\Users\Haonguyen\.p2\pool\plugins\org.eclipse.m2e.maven.runtime_3.9.900.20240824-1409\jars\maven-compat-3.9.9.jar
2025-02-20 20:41:16,946 [Worker-35: Launching quanlycongviec] INFO  o.eclipse.m2e.core.internal.Bundles - 	Entry: C:\Users\Haonguyen\.p2\pool\plugins\org.eclipse.m2e.maven.runtime_3.9.900.20240824-1409\jars\maven-core-3.9.9.jar
2025-02-20 20:41:16,946 [Worker-35: Launching quanlycongviec] INFO  o.eclipse.m2e.core.internal.Bundles - 	Entry: C:\Users\Haonguyen\.p2\pool\plugins\org.eclipse.m2e.maven.runtime_3.9.900.20240824-1409\jars\maven-embedder-3.9.9.jar
2025-02-20 20:41:16,946 [Worker-35: Launching quanlycongviec] INFO  o.eclipse.m2e.core.internal.Bundles - 	Entry: C:\Users\Haonguyen\.p2\pool\plugins\org.eclipse.m2e.maven.runtime_3.9.900.20240824-1409\jars\maven-model-3.9.9.jar
2025-02-20 20:41:16,947 [Worker-35: Launching quanlycongviec] INFO  o.eclipse.m2e.core.internal.Bundles - 	Entry: C:\Users\Haonguyen\.p2\pool\plugins\org.eclipse.m2e.maven.runtime_3.9.900.20240824-1409\jars\maven-model-builder-3.9.9.jar
2025-02-20 20:41:16,947 [Worker-35: Launching quanlycongviec] INFO  o.eclipse.m2e.core.internal.Bundles - 	Entry: C:\Users\Haonguyen\.p2\pool\plugins\org.eclipse.m2e.maven.runtime_3.9.900.20240824-1409\jars\maven-plugin-api-3.9.9.jar
2025-02-20 20:41:16,947 [Worker-35: Launching quanlycongviec] INFO  o.eclipse.m2e.core.internal.Bundles - 	Entry: C:\Users\Haonguyen\.p2\pool\plugins\org.eclipse.m2e.maven.runtime_3.9.900.20240824-1409\jars\maven-repository-metadata-3.9.9.jar
2025-02-20 20:41:16,948 [Worker-35: Launching quanlycongviec] INFO  o.eclipse.m2e.core.internal.Bundles - 	Entry: C:\Users\Haonguyen\.p2\pool\plugins\org.eclipse.m2e.maven.runtime_3.9.900.20240824-1409\jars\maven-resolver-api-1.9.22.jar
2025-02-20 20:41:16,948 [Worker-35: Launching quanlycongviec] INFO  o.eclipse.m2e.core.internal.Bundles - 	Entry: C:\Users\Haonguyen\.p2\pool\plugins\org.eclipse.m2e.maven.runtime_3.9.900.20240824-1409\jars\maven-resolver-connector-basic-1.9.22.jar
2025-02-20 20:41:16,949 [Worker-35: Launching quanlycongviec] INFO  o.eclipse.m2e.core.internal.Bundles - 	Entry: C:\Users\Haonguyen\.p2\pool\plugins\org.eclipse.m2e.maven.runtime_3.9.900.20240824-1409\jars\maven-resolver-impl-1.9.22.jar
2025-02-20 20:41:16,949 [Worker-35: Launching quanlycongviec] INFO  o.eclipse.m2e.core.internal.Bundles - 	Entry: C:\Users\Haonguyen\.p2\pool\plugins\org.eclipse.m2e.maven.runtime_3.9.900.20240824-1409\jars\maven-resolver-named-locks-1.9.22.jar
2025-02-20 20:41:16,949 [Worker-35: Launching quanlycongviec] INFO  o.eclipse.m2e.core.internal.Bundles - 	Entry: C:\Users\Haonguyen\.p2\pool\plugins\org.eclipse.m2e.maven.runtime_3.9.900.20240824-1409\jars\maven-resolver-provider-3.9.9.jar
2025-02-20 20:41:16,949 [Worker-35: Launching quanlycongviec] INFO  o.eclipse.m2e.core.internal.Bundles - 	Entry: C:\Users\Haonguyen\.p2\pool\plugins\org.eclipse.m2e.maven.runtime_3.9.900.20240824-1409\jars\maven-resolver-spi-1.9.22.jar
2025-02-20 20:41:16,950 [Worker-35: Launching quanlycongviec] INFO  o.eclipse.m2e.core.internal.Bundles - 	Entry: C:\Users\Haonguyen\.p2\pool\plugins\org.eclipse.m2e.maven.runtime_3.9.900.20240824-1409\jars\maven-resolver-transport-file-1.9.22.jar
2025-02-20 20:41:16,950 [Worker-35: Launching quanlycongviec] INFO  o.eclipse.m2e.core.internal.Bundles - 	Entry: C:\Users\Haonguyen\.p2\pool\plugins\org.eclipse.m2e.maven.runtime_3.9.900.20240824-1409\jars\maven-resolver-transport-http-1.9.22.jar
2025-02-20 20:41:16,950 [Worker-35: Launching quanlycongviec] INFO  o.eclipse.m2e.core.internal.Bundles - 	Entry: C:\Users\Haonguyen\.p2\pool\plugins\org.eclipse.m2e.maven.runtime_3.9.900.20240824-1409\jars\maven-resolver-transport-wagon-1.9.22.jar
2025-02-20 20:41:16,951 [Worker-35: Launching quanlycongviec] INFO  o.eclipse.m2e.core.internal.Bundles - 	Entry: C:\Users\Haonguyen\.p2\pool\plugins\org.eclipse.m2e.maven.runtime_3.9.900.20240824-1409\jars\maven-resolver-util-1.9.22.jar
2025-02-20 20:41:16,951 [Worker-35: Launching quanlycongviec] INFO  o.eclipse.m2e.core.internal.Bundles - 	Entry: C:\Users\Haonguyen\.p2\pool\plugins\org.eclipse.m2e.maven.runtime_3.9.900.20240824-1409\jars\maven-settings-3.9.9.jar
2025-02-20 20:41:16,951 [Worker-35: Launching quanlycongviec] INFO  o.eclipse.m2e.core.internal.Bundles - 	Entry: C:\Users\Haonguyen\.p2\pool\plugins\org.eclipse.m2e.maven.runtime_3.9.900.20240824-1409\jars\maven-settings-builder-3.9.9.jar
2025-02-20 20:41:16,952 [Worker-35: Launching quanlycongviec] INFO  o.eclipse.m2e.core.internal.Bundles - 	Entry: C:\Users\Haonguyen\.p2\pool\plugins\org.eclipse.m2e.maven.runtime_3.9.900.20240824-1409\jars\maven-shared-utils-3.4.2.jar
2025-02-20 20:41:16,952 [Worker-35: Launching quanlycongviec] INFO  o.eclipse.m2e.core.internal.Bundles - 	Entry: C:\Users\Haonguyen\.p2\pool\plugins\org.eclipse.m2e.maven.runtime_3.9.900.20240824-1409\jars\org.eclipse.sisu.inject-0.9.0.M3.jar
2025-02-20 20:41:16,952 [Worker-35: Launching quanlycongviec] INFO  o.eclipse.m2e.core.internal.Bundles - 	Entry: C:\Users\Haonguyen\.p2\pool\plugins\org.eclipse.m2e.maven.runtime_3.9.900.20240824-1409\jars\org.eclipse.sisu.plexus-0.9.0.M3.jar
2025-02-20 20:41:16,953 [Worker-35: Launching quanlycongviec] INFO  o.eclipse.m2e.core.internal.Bundles - 	Entry: C:\Users\Haonguyen\.p2\pool\plugins\org.eclipse.m2e.maven.runtime_3.9.900.20240824-1409\jars\plexus-build-api-0.0.7.jar
2025-02-20 20:41:16,953 [Worker-35: Launching quanlycongviec] INFO  o.eclipse.m2e.core.internal.Bundles - 	Entry: C:\Users\Haonguyen\.p2\pool\plugins\org.eclipse.m2e.maven.runtime_3.9.900.20240824-1409\jars\plexus-build-api-1.2.0.jar
2025-02-20 20:41:16,953 [Worker-35: Launching quanlycongviec] INFO  o.eclipse.m2e.core.internal.Bundles - 	Entry: C:\Users\Haonguyen\.p2\pool\plugins\org.eclipse.m2e.maven.runtime_3.9.900.20240824-1409\jars\plexus-cipher-2.0.jar
2025-02-20 20:41:16,954 [Worker-35: Launching quanlycongviec] INFO  o.eclipse.m2e.core.internal.Bundles - 	Entry: C:\Users\Haonguyen\.p2\pool\plugins\org.eclipse.m2e.maven.runtime_3.9.900.20240824-1409\jars\plexus-classworlds-2.8.0.jar
2025-02-20 20:41:16,956 [Worker-35: Launching quanlycongviec] INFO  o.eclipse.m2e.core.internal.Bundles - 	Entry: C:\Users\Haonguyen\.p2\pool\plugins\org.eclipse.m2e.maven.runtime_3.9.900.20240824-1409\jars\plexus-component-annotations-2.1.0.jar
2025-02-20 20:41:16,958 [Worker-35: Launching quanlycongviec] INFO  o.eclipse.m2e.core.internal.Bundles - 	Entry: C:\Users\Haonguyen\.p2\pool\plugins\org.eclipse.m2e.maven.runtime_3.9.900.20240824-1409\jars\plexus-interpolation-1.27.jar
2025-02-20 20:41:16,959 [Worker-35: Launching quanlycongviec] INFO  o.eclipse.m2e.core.internal.Bundles - 	Entry: C:\Users\Haonguyen\.p2\pool\plugins\org.eclipse.m2e.maven.runtime_3.9.900.20240824-1409\jars\plexus-sec-dispatcher-2.0.jar
2025-02-20 20:41:16,959 [Worker-35: Launching quanlycongviec] INFO  o.eclipse.m2e.core.internal.Bundles - 	Entry: C:\Users\Haonguyen\.p2\pool\plugins\org.eclipse.m2e.maven.runtime_3.9.900.20240824-1409\jars\plexus-utils-3.5.1.jar
2025-02-20 20:41:16,959 [Worker-35: Launching quanlycongviec] INFO  o.eclipse.m2e.core.internal.Bundles - 	Entry: C:\Users\Haonguyen\.p2\pool\plugins\org.eclipse.m2e.maven.runtime_3.9.900.20240824-1409\jars\plexus-xml-3.0.1.jar
2025-02-20 20:41:16,960 [Worker-35: Launching quanlycongviec] INFO  o.eclipse.m2e.core.internal.Bundles - 	Entry: C:\Users\Haonguyen\.p2\pool\plugins\org.eclipse.m2e.maven.runtime_3.9.900.20240824-1409\jars\wagon-file-3.5.3.jar
2025-02-20 20:41:16,960 [Worker-35: Launching quanlycongviec] INFO  o.eclipse.m2e.core.internal.Bundles - 	Entry: C:\Users\Haonguyen\.p2\pool\plugins\org.eclipse.m2e.maven.runtime_3.9.900.20240824-1409\jars\wagon-http-3.5.3.jar
2025-02-20 20:41:16,961 [Worker-35: Launching quanlycongviec] INFO  o.eclipse.m2e.core.internal.Bundles - 	Entry: C:\Users\Haonguyen\.p2\pool\plugins\org.eclipse.m2e.maven.runtime_3.9.900.20240824-1409\jars\wagon-http-shared-3.5.3.jar
2025-02-20 20:41:16,961 [Worker-35: Launching quanlycongviec] INFO  o.eclipse.m2e.core.internal.Bundles - 	Entry: C:\Users\Haonguyen\.p2\pool\plugins\org.eclipse.m2e.maven.runtime_3.9.900.20240824-1409\jars\wagon-provider-api-3.5.3.jar
2025-02-20 20:41:16,964 [Worker-35: Launching quanlycongviec] INFO  o.eclipse.m2e.core.internal.Bundles - getClasspathEntries(Bundle=com.google.guava_33.3.0.jre [16])
2025-02-20 20:41:16,965 [Worker-35: Launching quanlycongviec] INFO  o.eclipse.m2e.core.internal.Bundles - 	Entry: C:\Users\Haonguyen\.p2\pool\plugins\com.google.guava_33.3.0.jre.jar
2025-02-20 20:41:16,966 [Worker-35: Launching quanlycongviec] INFO  o.eclipse.m2e.core.internal.Bundles - getClasspathEntries(Bundle=slf4j.api_2.0.16 [1005])
2025-02-20 20:41:16,966 [Worker-35: Launching quanlycongviec] INFO  o.eclipse.m2e.core.internal.Bundles - 	Entry: C:\Users\Haonguyen\.p2\pool\plugins\slf4j.api_2.0.16.jar
2025-02-20 20:41:16,966 [Worker-35: Launching quanlycongviec] INFO  o.eclipse.m2e.core.internal.Bundles - getClasspathEntries(Bundle=jakarta.inject.jakarta.inject-api_1.0.5 [34])
2025-02-20 20:41:16,967 [Worker-35: Launching quanlycongviec] INFO  o.eclipse.m2e.core.internal.Bundles - 	Entry: C:\Users\Haonguyen\.p2\pool\plugins\jakarta.inject.jakarta.inject-api_1.0.5.jar
2025-02-20 20:41:16,967 [Worker-35: Launching quanlycongviec] INFO  o.eclipse.m2e.core.internal.Bundles - getClasspathEntries(Bundle=jakarta.annotation-api_1.3.5 [29])
2025-02-20 20:41:16,968 [Worker-35: Launching quanlycongviec] INFO  o.eclipse.m2e.core.internal.Bundles - 	Entry: C:\Users\Haonguyen\.p2\pool\plugins\jakarta.annotation-api_1.3.5.jar
2025-02-20 20:41:16,968 [Worker-35: Launching quanlycongviec] INFO  o.eclipse.m2e.core.internal.Bundles - getClasspathEntries(Bundle=org.apache.commons.cli_1.9.0 [78])
2025-02-20 20:41:16,969 [Worker-35: Launching quanlycongviec] INFO  o.eclipse.m2e.core.internal.Bundles - 	Entry: C:\Users\Haonguyen\.p2\pool\plugins\org.apache.commons.cli_1.9.0.jar
2025-02-20 20:41:16,970 [Worker-35: Launching quanlycongviec] INFO  o.eclipse.m2e.core.internal.Bundles - getClasspathEntries(Bundle=org.apache.commons.commons-codec_1.16.0 [81])
2025-02-20 20:41:16,971 [Worker-35: Launching quanlycongviec] INFO  o.eclipse.m2e.core.internal.Bundles - 	Entry: C:\Users\Haonguyen\.p2\pool\plugins\org.apache.commons.commons-codec_1.16.0.jar
2025-02-20 20:41:16,971 [Worker-35: Launching quanlycongviec] INFO  o.eclipse.m2e.core.internal.Bundles - getClasspathEntries(Bundle=com.google.guava.failureaccess_1.0.2 [17])
2025-02-20 20:41:16,973 [Worker-35: Launching quanlycongviec] INFO  o.eclipse.m2e.core.internal.Bundles - 	Entry: C:\Users\Haonguyen\.p2\pool\plugins\com.google.guava.failureaccess_1.0.2.jar
2025-02-20 20:41:16,979 [Worker-35: Launching quanlycongviec] INFO  o.e.m.i.launch.MavenLaunchDelegate - Run build in "D:\ProjectLapTrinhDiDong\quanlycongviec":
2025-02-20 20:41:16,981 [Worker-35: Launching quanlycongviec] INFO  o.e.m.i.launch.MavenLaunchDelegate -  mvn  -B -Dstyle.color=always 
2025-02-20 20:41:17,014 [Worker-35: Launching quanlycongviec] ERROR o.e.m.c.i.p.r.ProjectRegistryManager - Failed to read Maven project: Some problems were encountered while processing the POMs:
[FATAL] 'parent.artifactId' must be changed, the parent element cannot have the same groupId:artifactId as the project. @ line 7, column 15

org.apache.maven.project.ProjectBuildingException: Some problems were encountered while processing the POMs:
[FATAL] 'parent.artifactId' must be changed, the parent element cannot have the same groupId:artifactId as the project. @ line 7, column 15

	at org.eclipse.m2e.core.internal.IMavenToolbox.readMavenProjects(IMavenToolbox.java:140)
	at org.eclipse.m2e.core.internal.project.registry.ProjectRegistryManager.lambda$22(ProjectRegistryManager.java:943)
	at org.eclipse.m2e.core.internal.embedder.MavenExecutionContext.executeBare(MavenExecutionContext.java:458)
	at org.eclipse.m2e.core.internal.embedder.MavenExecutionContext.execute(MavenExecutionContext.java:339)
	at org.eclipse.m2e.core.internal.embedder.MavenExecutionContext.execute(MavenExecutionContext.java:278)
	at org.eclipse.m2e.core.internal.project.registry.ProjectRegistryManager.readProjectsWithDependencies(ProjectRegistryManager.java:939)
	at org.eclipse.m2e.core.internal.project.registry.ProjectRegistryManager.create(ProjectRegistryManager.java:219)
	at org.eclipse.m2e.core.internal.project.registry.MavenProjectManager.create(MavenProjectManager.java:105)
	at org.eclipse.m2e.internal.launch.MavenLaunchDelegate.readEnforcedJavaVersion(MavenLaunchDelegate.java:251)
	at org.eclipse.m2e.internal.launch.MavenLaunchDelegate.getVMInstall(MavenLaunchDelegate.java:224)
	at org.eclipse.jdt.launching.AbstractJavaLaunchConfigurationDelegate.getBootpathExt(AbstractJavaLaunchConfigurationDelegate.java:363)
	at org.eclipse.jdt.launching.AbstractJavaLaunchConfigurationDelegate.getVMSpecificAttributesMap(AbstractJavaLaunchConfigurationDelegate.java:679)
	at org.eclipse.jdt.launching.JavaLaunchDelegate.getVMRunnerConfiguration(JavaLaunchDelegate.java:92)
	at org.eclipse.jdt.launching.JavaLaunchDelegate.launch(JavaLaunchDelegate.java:160)
	at org.eclipse.m2e.internal.launch.MavenLaunchDelegate.launch(MavenLaunchDelegate.java:133)
	at org.eclipse.debug.internal.core.LaunchConfiguration.launch(LaunchConfiguration.java:805)
	at org.eclipse.debug.internal.core.LaunchConfiguration.launch(LaunchConfiguration.java:716)
	at org.eclipse.debug.internal.ui.DebugUIPlugin.buildAndLaunch(DebugUIPlugin.java:1054)
	at org.eclipse.debug.internal.ui.DebugUIPlugin$1.run(DebugUIPlugin.java:1257)
	at org.eclipse.core.internal.jobs.Worker.run(Worker.java:63)
2025-02-20 20:41:17,032 [Worker-35: Launching quanlycongviec] ERROR o.e.m.c.i.p.r.ProjectRegistryManager - Failed to read Maven project: Some problems were encountered while processing the POMs:
[FATAL] 'parent.artifactId' must be changed, the parent element cannot have the same groupId:artifactId as the project. @ line 7, column 15

org.apache.maven.project.ProjectBuildingException: Some problems were encountered while processing the POMs:
[FATAL] 'parent.artifactId' must be changed, the parent element cannot have the same groupId:artifactId as the project. @ line 7, column 15

	at org.eclipse.m2e.core.internal.IMavenToolbox.readMavenProjects(IMavenToolbox.java:140)
	at org.eclipse.m2e.core.internal.project.registry.ProjectRegistryManager.lambda$22(ProjectRegistryManager.java:943)
	at org.eclipse.m2e.core.internal.embedder.MavenExecutionContext.executeBare(MavenExecutionContext.java:458)
	at org.eclipse.m2e.core.internal.embedder.MavenExecutionContext.execute(MavenExecutionContext.java:339)
	at org.eclipse.m2e.core.internal.embedder.MavenExecutionContext.execute(MavenExecutionContext.java:278)
	at org.eclipse.m2e.core.internal.project.registry.ProjectRegistryManager.readProjectsWithDependencies(ProjectRegistryManager.java:939)
	at org.eclipse.m2e.core.internal.project.registry.ProjectRegistryManager.create(ProjectRegistryManager.java:219)
	at org.eclipse.m2e.core.internal.project.registry.MavenProjectManager.create(MavenProjectManager.java:105)
	at org.eclipse.m2e.internal.launch.MavenLaunchDelegate.readEnforcedJavaVersion(MavenLaunchDelegate.java:251)
	at org.eclipse.m2e.internal.launch.MavenLaunchDelegate.getVMInstall(MavenLaunchDelegate.java:224)
	at org.eclipse.jdt.launching.AbstractJavaLaunchConfigurationDelegate.verifyVMInstall(AbstractJavaLaunchConfigurationDelegate.java:203)
	at org.eclipse.jdt.launching.AbstractJavaLaunchConfigurationDelegate.getVMRunner(AbstractJavaLaunchConfigurationDelegate.java:1053)
	at org.eclipse.m2e.internal.launch.MavenLaunchDelegate.getVMRunner(MavenLaunchDelegate.java:154)
	at org.eclipse.jdt.launching.JavaLaunchDelegate.launch(JavaLaunchDelegate.java:175)
	at org.eclipse.m2e.internal.launch.MavenLaunchDelegate.launch(MavenLaunchDelegate.java:133)
	at org.eclipse.debug.internal.core.LaunchConfiguration.launch(LaunchConfiguration.java:805)
	at org.eclipse.debug.internal.core.LaunchConfiguration.launch(LaunchConfiguration.java:716)
	at org.eclipse.debug.internal.ui.DebugUIPlugin.buildAndLaunch(DebugUIPlugin.java:1054)
	at org.eclipse.debug.internal.ui.DebugUIPlugin$1.run(DebugUIPlugin.java:1257)
	at org.eclipse.core.internal.jobs.Worker.run(Worker.java:63)
2025-02-20 20:46:12,108 [Worker-47: Updating Maven Project] INFO  o.e.m.c.i.p.ProjectConfigurationManager - Update started
2025-02-20 20:46:12,130 [Worker-47: Updating Maven Project] INFO  o.e.m.c.i.p.ProjectConfigurationManager - Update completed for 1 poms: local refresh takes 0.00 sec, refresh facades takes 0.00 sec, update config takes 0.00 sec 
2025-02-20 20:46:38,802 [main] INFO  o.e.m2e.actions.ExecutePomAction - Creating new launch configuration
2025-02-20 20:46:39,040 [main] ERROR o.e.m.c.i.p.r.ProjectRegistryManager - Failed to read Maven project: Some problems were encountered while processing the POMs:
[FATAL] 'parent.artifactId' must be changed, the parent element cannot have the same groupId:artifactId as the project. @ line 7, column 15

org.apache.maven.project.ProjectBuildingException: Some problems were encountered while processing the POMs:
[FATAL] 'parent.artifactId' must be changed, the parent element cannot have the same groupId:artifactId as the project. @ line 7, column 15

	at org.eclipse.m2e.core.internal.IMavenToolbox.readMavenProjects(IMavenToolbox.java:140)
	at org.eclipse.m2e.core.internal.project.registry.ProjectRegistryManager.lambda$22(ProjectRegistryManager.java:943)
	at org.eclipse.m2e.core.internal.embedder.MavenExecutionContext.executeBare(MavenExecutionContext.java:458)
	at org.eclipse.m2e.core.internal.embedder.MavenExecutionContext.execute(MavenExecutionContext.java:339)
	at org.eclipse.m2e.core.internal.embedder.MavenExecutionContext.execute(MavenExecutionContext.java:278)
	at org.eclipse.m2e.core.internal.project.registry.ProjectRegistryManager.readProjectsWithDependencies(ProjectRegistryManager.java:939)
	at org.eclipse.m2e.core.internal.project.registry.ProjectRegistryManager.create(ProjectRegistryManager.java:219)
	at org.eclipse.m2e.core.internal.project.registry.MavenProjectManager.create(MavenProjectManager.java:105)
	at org.eclipse.m2e.internal.launch.MavenLaunchDelegate.readEnforcedJavaVersion(MavenLaunchDelegate.java:251)
	at org.eclipse.m2e.ui.internal.launch.MavenJRETab.getDefaultJREDescriptor(MavenJRETab.java:73)
	at org.eclipse.jdt.debug.ui.launchConfigurations.JavaJRETab.initializeFrom(JavaJRETab.java:197)
	at org.eclipse.m2e.ui.internal.launch.MavenJRETab.initializeFrom(MavenJRETab.java:158)
	at org.eclipse.debug.ui.AbstractLaunchConfigurationTabGroup.initializeFrom(AbstractLaunchConfigurationTabGroup.java:93)
	at org.eclipse.debug.internal.ui.launchConfigurations.LaunchConfigurationTabGroupWrapper.initializeFrom(LaunchConfigurationTabGroupWrapper.java:182)
	at org.eclipse.debug.internal.ui.launchConfigurations.LaunchConfigurationTabGroupViewer.displayInstanceTabs(LaunchConfigurationTabGroupViewer.java:865)
	at org.eclipse.debug.internal.ui.launchConfigurations.LaunchConfigurationTabGroupViewer.lambda$4(LaunchConfigurationTabGroupViewer.java:730)
	at org.eclipse.swt.custom.BusyIndicator.showWhile(BusyIndicator.java:67)
	at org.eclipse.debug.internal.ui.launchConfigurations.LaunchConfigurationTabGroupViewer.inputChanged(LaunchConfigurationTabGroupViewer.java:716)
	at org.eclipse.debug.internal.ui.launchConfigurations.LaunchConfigurationTabGroupViewer.setInput0(LaunchConfigurationTabGroupViewer.java:684)
	at org.eclipse.debug.internal.ui.launchConfigurations.LaunchConfigurationTabGroupViewer.setInput(LaunchConfigurationTabGroupViewer.java:664)
	at org.eclipse.debug.internal.ui.launchConfigurations.LaunchConfigurationPropertiesDialog.initializeContent(LaunchConfigurationPropertiesDialog.java:99)
	at org.eclipse.debug.internal.ui.launchConfigurations.LaunchConfigurationsDialog.createContents(LaunchConfigurationsDialog.java:468)
	at org.eclipse.jface.window.Window.create(Window.java:431)
	at org.eclipse.jface.dialogs.Dialog.create(Dialog.java:1092)
	at org.eclipse.debug.internal.ui.launchConfigurations.LaunchConfigurationsDialog.create(LaunchConfigurationsDialog.java:377)
	at org.eclipse.jface.window.Window.open(Window.java:788)
	at org.eclipse.debug.internal.ui.launchConfigurations.LaunchConfigurationsDialog.open(LaunchConfigurationsDialog.java:1230)
	at org.eclipse.debug.internal.ui.launchConfigurations.LaunchConfigurationPropertiesDialog.open(LaunchConfigurationPropertiesDialog.java:184)
	at org.eclipse.debug.ui.DebugUITools.openLaunchConfigurationDialog(DebugUITools.java:711)
	at org.eclipse.m2e.actions.ExecutePomAction.launch(ExecutePomAction.java:130)
	at org.eclipse.m2e.actions.ExecutePomAction.launch(ExecutePomAction.java:101)
	at org.eclipse.debug.internal.ui.launchConfigurations.LaunchShortcutExtension.launch(LaunchShortcutExtension.java:423)
	at org.eclipse.debug.internal.ui.actions.LaunchShortcutAction.runInternal(LaunchShortcutAction.java:99)
	at org.eclipse.debug.internal.ui.actions.LaunchShortcutAction.runWithEvent(LaunchShortcutAction.java:146)
	at org.eclipse.jface.action.ActionContributionItem.handleWidgetSelection(ActionContributionItem.java:581)
	at org.eclipse.jface.action.ActionContributionItem.lambda$4(ActionContributionItem.java:415)
	at org.eclipse.swt.widgets.EventTable.sendEvent(EventTable.java:91)
	at org.eclipse.swt.widgets.Display.sendEvent(Display.java:4326)
	at org.eclipse.swt.widgets.Widget.sendEvent(Widget.java:1174)
	at org.eclipse.swt.widgets.Widget.sendEvent(Widget.java:1198)
	at org.eclipse.swt.widgets.Widget.sendEvent(Widget.java:1183)
	at org.eclipse.swt.widgets.Widget.notifyListeners(Widget.java:853)
	at org.eclipse.jface.action.ActionContributionItem.lambda$8(ActionContributionItem.java:1206)
	at org.eclipse.swt.widgets.EventTable.sendEvent(EventTable.java:91)
	at org.eclipse.swt.widgets.Display.sendEvent(Display.java:4326)
	at org.eclipse.swt.widgets.Widget.sendEvent(Widget.java:1174)
	at org.eclipse.swt.widgets.Display.runDeferredEvents(Display.java:4124)
	at org.eclipse.swt.widgets.Display.readAndDispatch(Display.java:3712)
	at org.eclipse.jface.window.Window.runEventLoop(Window.java:823)
	at org.eclipse.jface.window.Window.open(Window.java:799)
	at org.eclipse.epp.internal.mpc.ui.commands.AbstractMarketplaceWizardCommand.openWizardDialog(AbstractMarketplaceWizardCommand.java:146)
	at org.eclipse.epp.internal.mpc.ui.commands.AbstractMarketplaceWizardCommand.execute(AbstractMarketplaceWizardCommand.java:73)
	at org.eclipse.ui.internal.handlers.HandlerProxy.execute(HandlerProxy.java:277)
	at org.eclipse.ui.internal.handlers.E4HandlerProxy.execute(E4HandlerProxy.java:98)
	at java.base/jdk.internal.reflect.DirectMethodHandleAccessor.invoke(DirectMethodHandleAccessor.java:103)
	at java.base/java.lang.reflect.Method.invoke(Method.java:580)
	at org.eclipse.e4.core.internal.di.MethodRequestor.execute(MethodRequestor.java:56)
	at org.eclipse.e4.core.internal.di.InjectorImpl.invokeUsingClass(InjectorImpl.java:299)
	at org.eclipse.e4.core.internal.di.InjectorImpl.invoke(InjectorImpl.java:233)
	at org.eclipse.e4.core.contexts.ContextInjectionFactory.invoke(ContextInjectionFactory.java:174)
	at org.eclipse.e4.core.commands.internal.HandlerServiceHandler.execute(HandlerServiceHandler.java:165)
	at org.eclipse.core.commands.Command.executeWithChecks(Command.java:488)
	at org.eclipse.core.commands.ParameterizedCommand.executeWithChecks(ParameterizedCommand.java:485)
	at org.eclipse.e4.core.commands.internal.HandlerServiceImpl.executeHandler(HandlerServiceImpl.java:204)
	at org.eclipse.e4.ui.workbench.renderers.swt.HandledContributionItem.executeItem(HandledContributionItem.java:444)
	at org.eclipse.e4.ui.workbench.renderers.swt.AbstractContributionItem.handleWidgetSelection(AbstractContributionItem.java:442)
	at org.eclipse.e4.ui.workbench.renderers.swt.AbstractContributionItem.lambda$2(AbstractContributionItem.java:464)
	at org.eclipse.swt.widgets.EventTable.sendEvent(EventTable.java:91)
	at org.eclipse.swt.widgets.Display.sendEvent(Display.java:4326)
	at org.eclipse.swt.widgets.Widget.sendEvent(Widget.java:1174)
	at org.eclipse.swt.widgets.Display.runDeferredEvents(Display.java:4124)
	at org.eclipse.swt.widgets.Display.readAndDispatch(Display.java:3712)
	at org.eclipse.e4.ui.internal.workbench.swt.PartRenderingEngine$5.run(PartRenderingEngine.java:1151)
	at org.eclipse.core.databinding.observable.Realm.runWithDefault(Realm.java:339)
	at org.eclipse.e4.ui.internal.workbench.swt.PartRenderingEngine.run(PartRenderingEngine.java:1042)
	at org.eclipse.e4.ui.internal.workbench.E4Workbench.createAndRunUI(E4Workbench.java:153)
	at org.eclipse.ui.internal.Workbench.lambda$3(Workbench.java:639)
	at org.eclipse.core.databinding.observable.Realm.runWithDefault(Realm.java:339)
	at org.eclipse.ui.internal.Workbench.createAndRunWorkbench(Workbench.java:546)
	at org.eclipse.ui.PlatformUI.createAndRunWorkbench(PlatformUI.java:173)
	at org.eclipse.ui.internal.ide.application.IDEApplication.start(IDEApplication.java:152)
	at org.eclipse.equinox.internal.app.EclipseAppHandle.run(EclipseAppHandle.java:208)
	at org.eclipse.core.runtime.internal.adaptor.EclipseAppLauncher.runApplication(EclipseAppLauncher.java:143)
	at org.eclipse.core.runtime.internal.adaptor.EclipseAppLauncher.start(EclipseAppLauncher.java:109)
	at org.eclipse.core.runtime.adaptor.EclipseStarter.run(EclipseStarter.java:439)
	at org.eclipse.core.runtime.adaptor.EclipseStarter.run(EclipseStarter.java:271)
	at java.base/jdk.internal.reflect.DirectMethodHandleAccessor.invoke(DirectMethodHandleAccessor.java:103)
	at java.base/java.lang.reflect.Method.invoke(Method.java:580)
	at org.eclipse.equinox.launcher.Main.invokeFramework(Main.java:668)
	at org.eclipse.equinox.launcher.Main.basicRun(Main.java:605)
	at org.eclipse.equinox.launcher.Main.run(Main.java:1481)
	at org.eclipse.equinox.launcher.Main.main(Main.java:1454)
2025-02-20 20:46:41,746 [Worker-48: Launching quanlycongviec (1)] INFO  o.eclipse.m2e.core.internal.Bundles - getClasspathEntries(Bundle=org.eclipse.m2e.maven.runtime_3.9.900.20240824-1409 [640])
2025-02-20 20:46:41,747 [Worker-48: Launching quanlycongviec (1)] INFO  o.eclipse.m2e.core.internal.Bundles - 	Entry: C:\Users\Haonguyen\.p2\pool\plugins\org.eclipse.m2e.maven.runtime_3.9.900.20240824-1409
2025-02-20 20:46:41,747 [Worker-48: Launching quanlycongviec (1)] INFO  o.eclipse.m2e.core.internal.Bundles - 	Entry: C:\Users\Haonguyen\.p2\pool\plugins\org.eclipse.m2e.maven.runtime_3.9.900.20240824-1409\jars\aopalliance-1.0.jar
2025-02-20 20:46:41,747 [Worker-48: Launching quanlycongviec (1)] INFO  o.eclipse.m2e.core.internal.Bundles - 	Entry: C:\Users\Haonguyen\.p2\pool\plugins\org.eclipse.m2e.maven.runtime_3.9.900.20240824-1409\jars\guice-5.1.0.jar
2025-02-20 20:46:41,747 [Worker-48: Launching quanlycongviec (1)] INFO  o.eclipse.m2e.core.internal.Bundles - 	Entry: C:\Users\Haonguyen\.p2\pool\plugins\org.eclipse.m2e.maven.runtime_3.9.900.20240824-1409\jars\httpclient-4.5.14.jar
2025-02-20 20:46:41,748 [Worker-48: Launching quanlycongviec (1)] INFO  o.eclipse.m2e.core.internal.Bundles - 	Entry: C:\Users\Haonguyen\.p2\pool\plugins\org.eclipse.m2e.maven.runtime_3.9.900.20240824-1409\jars\httpcore-4.4.16.jar
2025-02-20 20:46:41,748 [Worker-48: Launching quanlycongviec (1)] INFO  o.eclipse.m2e.core.internal.Bundles - 	Entry: C:\Users\Haonguyen\.p2\pool\plugins\org.eclipse.m2e.maven.runtime_3.9.900.20240824-1409\jars\jansi-2.4.1.jar
2025-02-20 20:46:41,748 [Worker-48: Launching quanlycongviec (1)] INFO  o.eclipse.m2e.core.internal.Bundles - 	Entry: C:\Users\Haonguyen\.p2\pool\plugins\org.eclipse.m2e.maven.runtime_3.9.900.20240824-1409\jars\jcl-over-slf4j-1.7.36.jar
2025-02-20 20:46:41,748 [Worker-48: Launching quanlycongviec (1)] INFO  o.eclipse.m2e.core.internal.Bundles - 	Entry: C:\Users\Haonguyen\.p2\pool\plugins\org.eclipse.m2e.maven.runtime_3.9.900.20240824-1409\jars\maven-artifact-3.9.9.jar
2025-02-20 20:46:41,748 [Worker-48: Launching quanlycongviec (1)] INFO  o.eclipse.m2e.core.internal.Bundles - 	Entry: C:\Users\Haonguyen\.p2\pool\plugins\org.eclipse.m2e.maven.runtime_3.9.900.20240824-1409\jars\maven-builder-support-3.9.9.jar
2025-02-20 20:46:41,748 [Worker-48: Launching quanlycongviec (1)] INFO  o.eclipse.m2e.core.internal.Bundles - 	Entry: C:\Users\Haonguyen\.p2\pool\plugins\org.eclipse.m2e.maven.runtime_3.9.900.20240824-1409\jars\maven-compat-3.9.9.jar
2025-02-20 20:46:41,748 [Worker-48: Launching quanlycongviec (1)] INFO  o.eclipse.m2e.core.internal.Bundles - 	Entry: C:\Users\Haonguyen\.p2\pool\plugins\org.eclipse.m2e.maven.runtime_3.9.900.20240824-1409\jars\maven-core-3.9.9.jar
2025-02-20 20:46:41,748 [Worker-48: Launching quanlycongviec (1)] INFO  o.eclipse.m2e.core.internal.Bundles - 	Entry: C:\Users\Haonguyen\.p2\pool\plugins\org.eclipse.m2e.maven.runtime_3.9.900.20240824-1409\jars\maven-embedder-3.9.9.jar
2025-02-20 20:46:41,749 [Worker-48: Launching quanlycongviec (1)] INFO  o.eclipse.m2e.core.internal.Bundles - 	Entry: C:\Users\Haonguyen\.p2\pool\plugins\org.eclipse.m2e.maven.runtime_3.9.900.20240824-1409\jars\maven-model-3.9.9.jar
2025-02-20 20:46:41,749 [Worker-48: Launching quanlycongviec (1)] INFO  o.eclipse.m2e.core.internal.Bundles - 	Entry: C:\Users\Haonguyen\.p2\pool\plugins\org.eclipse.m2e.maven.runtime_3.9.900.20240824-1409\jars\maven-model-builder-3.9.9.jar
2025-02-20 20:46:41,749 [Worker-48: Launching quanlycongviec (1)] INFO  o.eclipse.m2e.core.internal.Bundles - 	Entry: C:\Users\Haonguyen\.p2\pool\plugins\org.eclipse.m2e.maven.runtime_3.9.900.20240824-1409\jars\maven-plugin-api-3.9.9.jar
2025-02-20 20:46:41,749 [Worker-48: Launching quanlycongviec (1)] INFO  o.eclipse.m2e.core.internal.Bundles - 	Entry: C:\Users\Haonguyen\.p2\pool\plugins\org.eclipse.m2e.maven.runtime_3.9.900.20240824-1409\jars\maven-repository-metadata-3.9.9.jar
2025-02-20 20:46:41,749 [Worker-48: Launching quanlycongviec (1)] INFO  o.eclipse.m2e.core.internal.Bundles - 	Entry: C:\Users\Haonguyen\.p2\pool\plugins\org.eclipse.m2e.maven.runtime_3.9.900.20240824-1409\jars\maven-resolver-api-1.9.22.jar
2025-02-20 20:46:41,749 [Worker-48: Launching quanlycongviec (1)] INFO  o.eclipse.m2e.core.internal.Bundles - 	Entry: C:\Users\Haonguyen\.p2\pool\plugins\org.eclipse.m2e.maven.runtime_3.9.900.20240824-1409\jars\maven-resolver-connector-basic-1.9.22.jar
2025-02-20 20:46:41,749 [Worker-48: Launching quanlycongviec (1)] INFO  o.eclipse.m2e.core.internal.Bundles - 	Entry: C:\Users\Haonguyen\.p2\pool\plugins\org.eclipse.m2e.maven.runtime_3.9.900.20240824-1409\jars\maven-resolver-impl-1.9.22.jar
2025-02-20 20:46:41,750 [Worker-48: Launching quanlycongviec (1)] INFO  o.eclipse.m2e.core.internal.Bundles - 	Entry: C:\Users\Haonguyen\.p2\pool\plugins\org.eclipse.m2e.maven.runtime_3.9.900.20240824-1409\jars\maven-resolver-named-locks-1.9.22.jar
2025-02-20 20:46:41,750 [Worker-48: Launching quanlycongviec (1)] INFO  o.eclipse.m2e.core.internal.Bundles - 	Entry: C:\Users\Haonguyen\.p2\pool\plugins\org.eclipse.m2e.maven.runtime_3.9.900.20240824-1409\jars\maven-resolver-provider-3.9.9.jar
2025-02-20 20:46:41,750 [Worker-48: Launching quanlycongviec (1)] INFO  o.eclipse.m2e.core.internal.Bundles - 	Entry: C:\Users\Haonguyen\.p2\pool\plugins\org.eclipse.m2e.maven.runtime_3.9.900.20240824-1409\jars\maven-resolver-spi-1.9.22.jar
2025-02-20 20:46:41,750 [Worker-48: Launching quanlycongviec (1)] INFO  o.eclipse.m2e.core.internal.Bundles - 	Entry: C:\Users\Haonguyen\.p2\pool\plugins\org.eclipse.m2e.maven.runtime_3.9.900.20240824-1409\jars\maven-resolver-transport-file-1.9.22.jar
2025-02-20 20:46:41,750 [Worker-48: Launching quanlycongviec (1)] INFO  o.eclipse.m2e.core.internal.Bundles - 	Entry: C:\Users\Haonguyen\.p2\pool\plugins\org.eclipse.m2e.maven.runtime_3.9.900.20240824-1409\jars\maven-resolver-transport-http-1.9.22.jar
2025-02-20 20:46:41,750 [Worker-48: Launching quanlycongviec (1)] INFO  o.eclipse.m2e.core.internal.Bundles - 	Entry: C:\Users\Haonguyen\.p2\pool\plugins\org.eclipse.m2e.maven.runtime_3.9.900.20240824-1409\jars\maven-resolver-transport-wagon-1.9.22.jar
2025-02-20 20:46:41,750 [Worker-48: Launching quanlycongviec (1)] INFO  o.eclipse.m2e.core.internal.Bundles - 	Entry: C:\Users\Haonguyen\.p2\pool\plugins\org.eclipse.m2e.maven.runtime_3.9.900.20240824-1409\jars\maven-resolver-util-1.9.22.jar
2025-02-20 20:46:41,750 [Worker-48: Launching quanlycongviec (1)] INFO  o.eclipse.m2e.core.internal.Bundles - 	Entry: C:\Users\Haonguyen\.p2\pool\plugins\org.eclipse.m2e.maven.runtime_3.9.900.20240824-1409\jars\maven-settings-3.9.9.jar
2025-02-20 20:46:41,750 [Worker-48: Launching quanlycongviec (1)] INFO  o.eclipse.m2e.core.internal.Bundles - 	Entry: C:\Users\Haonguyen\.p2\pool\plugins\org.eclipse.m2e.maven.runtime_3.9.900.20240824-1409\jars\maven-settings-builder-3.9.9.jar
2025-02-20 20:46:41,751 [Worker-48: Launching quanlycongviec (1)] INFO  o.eclipse.m2e.core.internal.Bundles - 	Entry: C:\Users\Haonguyen\.p2\pool\plugins\org.eclipse.m2e.maven.runtime_3.9.900.20240824-1409\jars\maven-shared-utils-3.4.2.jar
2025-02-20 20:46:41,751 [Worker-48: Launching quanlycongviec (1)] INFO  o.eclipse.m2e.core.internal.Bundles - 	Entry: C:\Users\Haonguyen\.p2\pool\plugins\org.eclipse.m2e.maven.runtime_3.9.900.20240824-1409\jars\org.eclipse.sisu.inject-0.9.0.M3.jar
2025-02-20 20:46:41,751 [Worker-48: Launching quanlycongviec (1)] INFO  o.eclipse.m2e.core.internal.Bundles - 	Entry: C:\Users\Haonguyen\.p2\pool\plugins\org.eclipse.m2e.maven.runtime_3.9.900.20240824-1409\jars\org.eclipse.sisu.plexus-0.9.0.M3.jar
2025-02-20 20:46:41,751 [Worker-48: Launching quanlycongviec (1)] INFO  o.eclipse.m2e.core.internal.Bundles - 	Entry: C:\Users\Haonguyen\.p2\pool\plugins\org.eclipse.m2e.maven.runtime_3.9.900.20240824-1409\jars\plexus-build-api-0.0.7.jar
2025-02-20 20:46:41,751 [Worker-48: Launching quanlycongviec (1)] INFO  o.eclipse.m2e.core.internal.Bundles - 	Entry: C:\Users\Haonguyen\.p2\pool\plugins\org.eclipse.m2e.maven.runtime_3.9.900.20240824-1409\jars\plexus-build-api-1.2.0.jar
2025-02-20 20:46:41,751 [Worker-48: Launching quanlycongviec (1)] INFO  o.eclipse.m2e.core.internal.Bundles - 	Entry: C:\Users\Haonguyen\.p2\pool\plugins\org.eclipse.m2e.maven.runtime_3.9.900.20240824-1409\jars\plexus-cipher-2.0.jar
2025-02-20 20:46:41,751 [Worker-48: Launching quanlycongviec (1)] INFO  o.eclipse.m2e.core.internal.Bundles - 	Entry: C:\Users\Haonguyen\.p2\pool\plugins\org.eclipse.m2e.maven.runtime_3.9.900.20240824-1409\jars\plexus-classworlds-2.8.0.jar
2025-02-20 20:46:41,751 [Worker-48: Launching quanlycongviec (1)] INFO  o.eclipse.m2e.core.internal.Bundles - 	Entry: C:\Users\Haonguyen\.p2\pool\plugins\org.eclipse.m2e.maven.runtime_3.9.900.20240824-1409\jars\plexus-component-annotations-2.1.0.jar
2025-02-20 20:46:41,751 [Worker-48: Launching quanlycongviec (1)] INFO  o.eclipse.m2e.core.internal.Bundles - 	Entry: C:\Users\Haonguyen\.p2\pool\plugins\org.eclipse.m2e.maven.runtime_3.9.900.20240824-1409\jars\plexus-interpolation-1.27.jar
2025-02-20 20:46:41,752 [Worker-48: Launching quanlycongviec (1)] INFO  o.eclipse.m2e.core.internal.Bundles - 	Entry: C:\Users\Haonguyen\.p2\pool\plugins\org.eclipse.m2e.maven.runtime_3.9.900.20240824-1409\jars\plexus-sec-dispatcher-2.0.jar
2025-02-20 20:46:41,752 [Worker-48: Launching quanlycongviec (1)] INFO  o.eclipse.m2e.core.internal.Bundles - 	Entry: C:\Users\Haonguyen\.p2\pool\plugins\org.eclipse.m2e.maven.runtime_3.9.900.20240824-1409\jars\plexus-utils-3.5.1.jar
2025-02-20 20:46:41,752 [Worker-48: Launching quanlycongviec (1)] INFO  o.eclipse.m2e.core.internal.Bundles - 	Entry: C:\Users\Haonguyen\.p2\pool\plugins\org.eclipse.m2e.maven.runtime_3.9.900.20240824-1409\jars\plexus-xml-3.0.1.jar
2025-02-20 20:46:41,752 [Worker-48: Launching quanlycongviec (1)] INFO  o.eclipse.m2e.core.internal.Bundles - 	Entry: C:\Users\Haonguyen\.p2\pool\plugins\org.eclipse.m2e.maven.runtime_3.9.900.20240824-1409\jars\wagon-file-3.5.3.jar
2025-02-20 20:46:41,752 [Worker-48: Launching quanlycongviec (1)] INFO  o.eclipse.m2e.core.internal.Bundles - 	Entry: C:\Users\Haonguyen\.p2\pool\plugins\org.eclipse.m2e.maven.runtime_3.9.900.20240824-1409\jars\wagon-http-3.5.3.jar
2025-02-20 20:46:41,752 [Worker-48: Launching quanlycongviec (1)] INFO  o.eclipse.m2e.core.internal.Bundles - 	Entry: C:\Users\Haonguyen\.p2\pool\plugins\org.eclipse.m2e.maven.runtime_3.9.900.20240824-1409\jars\wagon-http-shared-3.5.3.jar
2025-02-20 20:46:41,752 [Worker-48: Launching quanlycongviec (1)] INFO  o.eclipse.m2e.core.internal.Bundles - 	Entry: C:\Users\Haonguyen\.p2\pool\plugins\org.eclipse.m2e.maven.runtime_3.9.900.20240824-1409\jars\wagon-provider-api-3.5.3.jar
2025-02-20 20:46:41,752 [Worker-48: Launching quanlycongviec (1)] INFO  o.eclipse.m2e.core.internal.Bundles - getClasspathEntries(Bundle=com.google.guava_33.3.0.jre [16])
2025-02-20 20:46:41,753 [Worker-48: Launching quanlycongviec (1)] INFO  o.eclipse.m2e.core.internal.Bundles - 	Entry: C:\Users\Haonguyen\.p2\pool\plugins\com.google.guava_33.3.0.jre.jar
2025-02-20 20:46:41,753 [Worker-48: Launching quanlycongviec (1)] INFO  o.eclipse.m2e.core.internal.Bundles - getClasspathEntries(Bundle=slf4j.api_2.0.16 [1005])
2025-02-20 20:46:41,753 [Worker-48: Launching quanlycongviec (1)] INFO  o.eclipse.m2e.core.internal.Bundles - 	Entry: C:\Users\Haonguyen\.p2\pool\plugins\slf4j.api_2.0.16.jar
2025-02-20 20:46:41,753 [Worker-48: Launching quanlycongviec (1)] INFO  o.eclipse.m2e.core.internal.Bundles - getClasspathEntries(Bundle=jakarta.inject.jakarta.inject-api_1.0.5 [34])
2025-02-20 20:46:41,753 [Worker-48: Launching quanlycongviec (1)] INFO  o.eclipse.m2e.core.internal.Bundles - 	Entry: C:\Users\Haonguyen\.p2\pool\plugins\jakarta.inject.jakarta.inject-api_1.0.5.jar
2025-02-20 20:46:41,753 [Worker-48: Launching quanlycongviec (1)] INFO  o.eclipse.m2e.core.internal.Bundles - getClasspathEntries(Bundle=jakarta.annotation-api_1.3.5 [29])
2025-02-20 20:46:41,754 [Worker-48: Launching quanlycongviec (1)] INFO  o.eclipse.m2e.core.internal.Bundles - 	Entry: C:\Users\Haonguyen\.p2\pool\plugins\jakarta.annotation-api_1.3.5.jar
2025-02-20 20:46:41,754 [Worker-48: Launching quanlycongviec (1)] INFO  o.eclipse.m2e.core.internal.Bundles - getClasspathEntries(Bundle=org.apache.commons.cli_1.9.0 [78])
2025-02-20 20:46:41,754 [Worker-48: Launching quanlycongviec (1)] INFO  o.eclipse.m2e.core.internal.Bundles - 	Entry: C:\Users\Haonguyen\.p2\pool\plugins\org.apache.commons.cli_1.9.0.jar
2025-02-20 20:46:41,754 [Worker-48: Launching quanlycongviec (1)] INFO  o.eclipse.m2e.core.internal.Bundles - getClasspathEntries(Bundle=org.apache.commons.commons-codec_1.16.0 [81])
2025-02-20 20:46:41,754 [Worker-48: Launching quanlycongviec (1)] INFO  o.eclipse.m2e.core.internal.Bundles - 	Entry: C:\Users\Haonguyen\.p2\pool\plugins\org.apache.commons.commons-codec_1.16.0.jar
2025-02-20 20:46:41,754 [Worker-48: Launching quanlycongviec (1)] INFO  o.eclipse.m2e.core.internal.Bundles - getClasspathEntries(Bundle=com.google.guava.failureaccess_1.0.2 [17])
2025-02-20 20:46:41,754 [Worker-48: Launching quanlycongviec (1)] INFO  o.eclipse.m2e.core.internal.Bundles - 	Entry: C:\Users\Haonguyen\.p2\pool\plugins\com.google.guava.failureaccess_1.0.2.jar
2025-02-20 20:46:41,755 [Worker-48: Launching quanlycongviec (1)] INFO  o.e.m.i.launch.MavenLaunchDelegate - Run build in "D:\ProjectLapTrinhDiDong\quanlycongviec":
2025-02-20 20:46:41,755 [Worker-48: Launching quanlycongviec (1)] INFO  o.e.m.i.launch.MavenLaunchDelegate -  mvn  -B -Dstyle.color=always 
2025-02-20 20:46:41,760 [Worker-48: Launching quanlycongviec (1)] ERROR o.e.m.c.i.p.r.ProjectRegistryManager - Failed to read Maven project: Some problems were encountered while processing the POMs:
[FATAL] 'parent.artifactId' must be changed, the parent element cannot have the same groupId:artifactId as the project. @ line 7, column 15

org.apache.maven.project.ProjectBuildingException: Some problems were encountered while processing the POMs:
[FATAL] 'parent.artifactId' must be changed, the parent element cannot have the same groupId:artifactId as the project. @ line 7, column 15

	at org.eclipse.m2e.core.internal.IMavenToolbox.readMavenProjects(IMavenToolbox.java:140)
	at org.eclipse.m2e.core.internal.project.registry.ProjectRegistryManager.lambda$22(ProjectRegistryManager.java:943)
	at org.eclipse.m2e.core.internal.embedder.MavenExecutionContext.executeBare(MavenExecutionContext.java:458)
	at org.eclipse.m2e.core.internal.embedder.MavenExecutionContext.execute(MavenExecutionContext.java:339)
	at org.eclipse.m2e.core.internal.embedder.MavenExecutionContext.execute(MavenExecutionContext.java:278)
	at org.eclipse.m2e.core.internal.project.registry.ProjectRegistryManager.readProjectsWithDependencies(ProjectRegistryManager.java:939)
	at org.eclipse.m2e.core.internal.project.registry.ProjectRegistryManager.create(ProjectRegistryManager.java:219)
	at org.eclipse.m2e.core.internal.project.registry.MavenProjectManager.create(MavenProjectManager.java:105)
	at org.eclipse.m2e.internal.launch.MavenLaunchDelegate.readEnforcedJavaVersion(MavenLaunchDelegate.java:251)
	at org.eclipse.m2e.internal.launch.MavenLaunchDelegate.getVMInstall(MavenLaunchDelegate.java:224)
	at org.eclipse.jdt.launching.AbstractJavaLaunchConfigurationDelegate.getBootpathExt(AbstractJavaLaunchConfigurationDelegate.java:363)
	at org.eclipse.jdt.launching.AbstractJavaLaunchConfigurationDelegate.getVMSpecificAttributesMap(AbstractJavaLaunchConfigurationDelegate.java:679)
	at org.eclipse.jdt.launching.JavaLaunchDelegate.getVMRunnerConfiguration(JavaLaunchDelegate.java:92)
	at org.eclipse.jdt.launching.JavaLaunchDelegate.launch(JavaLaunchDelegate.java:160)
	at org.eclipse.m2e.internal.launch.MavenLaunchDelegate.launch(MavenLaunchDelegate.java:133)
	at org.eclipse.debug.internal.core.LaunchConfiguration.launch(LaunchConfiguration.java:805)
	at org.eclipse.debug.internal.core.LaunchConfiguration.launch(LaunchConfiguration.java:716)
	at org.eclipse.debug.internal.ui.DebugUIPlugin.buildAndLaunch(DebugUIPlugin.java:1054)
	at org.eclipse.debug.internal.ui.DebugUIPlugin$1.run(DebugUIPlugin.java:1257)
	at org.eclipse.core.internal.jobs.Worker.run(Worker.java:63)
2025-02-20 20:46:41,765 [Worker-48: Launching quanlycongviec (1)] ERROR o.e.m.c.i.p.r.ProjectRegistryManager - Failed to read Maven project: Some problems were encountered while processing the POMs:
[FATAL] 'parent.artifactId' must be changed, the parent element cannot have the same groupId:artifactId as the project. @ line 7, column 15

org.apache.maven.project.ProjectBuildingException: Some problems were encountered while processing the POMs:
[FATAL] 'parent.artifactId' must be changed, the parent element cannot have the same groupId:artifactId as the project. @ line 7, column 15

	at org.eclipse.m2e.core.internal.IMavenToolbox.readMavenProjects(IMavenToolbox.java:140)
	at org.eclipse.m2e.core.internal.project.registry.ProjectRegistryManager.lambda$22(ProjectRegistryManager.java:943)
	at org.eclipse.m2e.core.internal.embedder.MavenExecutionContext.executeBare(MavenExecutionContext.java:458)
	at org.eclipse.m2e.core.internal.embedder.MavenExecutionContext.execute(MavenExecutionContext.java:339)
	at org.eclipse.m2e.core.internal.embedder.MavenExecutionContext.execute(MavenExecutionContext.java:278)
	at org.eclipse.m2e.core.internal.project.registry.ProjectRegistryManager.readProjectsWithDependencies(ProjectRegistryManager.java:939)
	at org.eclipse.m2e.core.internal.project.registry.ProjectRegistryManager.create(ProjectRegistryManager.java:219)
	at org.eclipse.m2e.core.internal.project.registry.MavenProjectManager.create(MavenProjectManager.java:105)
	at org.eclipse.m2e.internal.launch.MavenLaunchDelegate.readEnforcedJavaVersion(MavenLaunchDelegate.java:251)
	at org.eclipse.m2e.internal.launch.MavenLaunchDelegate.getVMInstall(MavenLaunchDelegate.java:224)
	at org.eclipse.jdt.launching.AbstractJavaLaunchConfigurationDelegate.verifyVMInstall(AbstractJavaLaunchConfigurationDelegate.java:203)
	at org.eclipse.jdt.launching.AbstractJavaLaunchConfigurationDelegate.getVMRunner(AbstractJavaLaunchConfigurationDelegate.java:1053)
	at org.eclipse.m2e.internal.launch.MavenLaunchDelegate.getVMRunner(MavenLaunchDelegate.java:154)
	at org.eclipse.jdt.launching.JavaLaunchDelegate.launch(JavaLaunchDelegate.java:175)
	at org.eclipse.m2e.internal.launch.MavenLaunchDelegate.launch(MavenLaunchDelegate.java:133)
	at org.eclipse.debug.internal.core.LaunchConfiguration.launch(LaunchConfiguration.java:805)
	at org.eclipse.debug.internal.core.LaunchConfiguration.launch(LaunchConfiguration.java:716)
	at org.eclipse.debug.internal.ui.DebugUIPlugin.buildAndLaunch(DebugUIPlugin.java:1054)
	at org.eclipse.debug.internal.ui.DebugUIPlugin$1.run(DebugUIPlugin.java:1257)
	at org.eclipse.core.internal.jobs.Worker.run(Worker.java:63)
